+---------+------+--------------------+
|     date|rating|              review|
+---------+------+--------------------+
|29-Apr-19|    10|I only have One w...|
|29-Apr-19|     9|A very decent end...|
|18-Sep-19|    10|"I have to say In...|
+---------+------+--------------------+
only showing top 3 rows

+---------+------+--------------------+--------------------+
|     date|rating|              review|               words|
+---------+------+--------------------+--------------------+
|29-Apr-19|    10|I only have One w...|[i, only, have, o...|
|29-Apr-19|     9|A very decent end...|[a, very, decent,...|
|18-Sep-19|    10|"I have to say In...|["i, have, to, sa...|
+---------+------+--------------------+--------------------+
only showing top 3 rows

+------+--------------------+
|rating|            features|
+------+--------------------+
|    10|(100,[3,4,5,10,13...|
|     9|(100,[6,10,18,23,...|
|    10|(100,[2,5,10,11,1...|
|    10|(100,[3,8,10,24,3...|
|    10|(100,[0,4,5,7,8,1...|
|    10|(100,[3,5,7,10,16...|
|    10|(100,[70,80,82],[...|
|    10|(100,[0,1,3,5,8,1...|
|    10|(100,[0,2,3,4,5,9...|
|     4|(100,[0,1,2,4,5,6...|
|    10|(100,[12,14,16,19...|
|     1|(100,[1,2,3,6,7,1...|
|    10|(100,[5,7,10,13,1...|
|     5|(100,[3,7,10,11,1...|
|     4|(100,[4,7,10,15,2...|
|     1|(100,[0,3,5,6,7,1...|
|     9|(100,[0,3,5,6,7,1...|
|    10|(100,[2,5,10,15,1...|
|    10|(100,[4,6,10,15,1...|
|    10|(100,[0,1,2,3,4,8...|
+------+--------------------+
only showing top 20 rows

The topics described by their top-weighted terms:
+-----+------------+------------------------------------------------------------------+
|topic|termIndices |termWeights                                                       |
+-----+------------+------------------------------------------------------------------+
|0    |[72, 10, 43]|[0.020033595540516928, 0.01836883060124612, 0.016665306400912724] |
|1    |[25, 34, 97]|[0.016718332450392694, 0.016279556167474157, 0.015874460450000905]|
+-----+------------+------------------------------------------------------------------+

+------+----------------------------------------+
|rating|topicDistribution                       |
+------+----------------------------------------+
|10    |[0.05825764177375021,0.9417423582262499]|
|9     |[0.12091177058854115,0.8790882294114589]|
|10    |[0.6169750181425803,0.3830249818574197] |
|10    |[0.8407088519895526,0.15929114801044736]|
|10    |[0.4381231154037647,0.5618768845962354] |
|10    |[0.5615412554930138,0.43845874450698613]|
|10    |[0.7752546635241468,0.2247453364758531] |
|10    |[0.43441292052376823,0.5655870794762318]|
|10    |[0.6566849003107859,0.34331509968921414]|
|4     |[0.5844598744408741,0.4155401255591259] |
|10    |[0.7894193316937436,0.21058066830625644]|
|1     |[0.8685493193893568,0.13145068061064336]|
|10    |[0.12816559689001278,0.8718344031099873]|
|5     |[0.26270577225985653,0.7372942277401435]|
|4     |[0.816705420360501,0.18329457963949905] |
|1     |[0.9683253834241293,0.03167461657587075]|
|9     |[0.8482132135276319,0.15178678647236812]|
|10    |[0.7393816815540677,0.26061831844593236]|
|10    |[0.9385108396310026,0.06148916036899742]|
|10    |[0.7688169422830565,0.23118305771694347]|
+------+----------------------------------------+
only showing top 20 rows

+------+-------------------+
|rating|         topic_prob|
+------+-------------------+
|    10|0.05825764177375021|
|     9|0.12091177058854115|
|    10| 0.6169750181425803|
+------+-------------------+
only showing top 3 rows

Pearson correlation matrix:
DenseMatrix([[1.        , 0.05014994],
             [0.05014994, 1.        ]])
